<?xml version="1.0" encoding="UTF-8"?>
<testsuite name="TestFilterMapParser" tests="5" skipped="0" failures="0" errors="0" timestamp="2021-04-07T12:31:45" hostname="DESKTOP-LLH0EC7" time="0.192">
  <properties/>
  <testcase name="testIncorrectInputsSyntaxError" classname="TestFilterMapParser" time="0.132"/>
  <testcase name="testIncorrectInputsTypeError" classname="TestFilterMapParser" time="0.013"/>
  <testcase name="testParseCorrectImport" classname="TestFilterMapParser" time="0.009"/>
  <testcase name="testSimplify" classname="TestFilterMapParser" time="0.028"/>
  <testcase name="testTransform" classname="TestFilterMapParser" time="0.006"/>
  <system-out><![CDATA[]]></system-out>
  <system-err><![CDATA[]]></system-err>
</testsuite>
